<?xml version="1.0" encoding="UTF-8"?>
<!-- Generated by org.testng.reporters.JUnitXMLReporter -->
<testsuite hostname="DESKTOP-BQRCULL" name="Default test" tests="5" failures="0" timestamp="18 Mar 2021 10:24:43 GMT" time="0.734" errors="0">
  <testcase name="TC" time="0.0" classname="Org.testngDemo.TestDataP"/>
  <testcase name="TC" time="0.001" classname="Org.testngDemo.TestDataP"/>
  <testcase name="TC" time="0.0" classname="Org.testngDemo.TestDataP"/>
  <testcase name="TC" time="0.0" classname="Org.testngDemo.TestDataP"/>
  <testcase name="TC" time="0.0" classname="Org.testngDemo.TestDataP"/>
</testsuite> <!-- Default test -->
