<?xml version="1.0" encoding="UTF-8"?>
<!-- Generated by org.testng.reporters.JUnitXMLReporter -->
<testsuite hostname="DESKTOP-BQRCULL" name="Test" tests="1" failures="1" timestamp="18 Mar 2021 09:23:52 GMT" time="0.031" errors="0">
  <testcase name="TC" time="0.015" classname="Org.testngDemo.ParameterDemo">
    <failure type="java.lang.NullPointerException">
      <![CDATA[java.lang.NullPointerException
	at Org.testngDemo.ParameterDemo.TC(ParameterDemo.java:25)
... Removed 25 stack frames]]>
    </failure>
  </testcase> <!-- TC -->
</testsuite> <!-- Test -->
